<?xml version="1.0" encoding="UTF-8"?>
<!-- Generated by org.testng.reporters.JUnitXMLReporter -->
<testsuite ignored="14" hostname="IB-Pune-LAP-356" failures="1" tests="1" name="Test" time="603.331" errors="0" timestamp="2023-06-02T12:26:00 IST">
  <testcase classname="Test.Person.UnitSelection" name="T002" time="585.943">
    <failure type="org.openqa.selenium.NoSuchElementException" message="no such element: Unable to locate element: {&amp;quot;method&amp;quot;:&amp;quot;xpath&amp;quot;,&amp;quot;selector&amp;quot;:&amp;quot;//div[contains(@class,&amp;apos;slds-dropdown_fluid slds-dropdown_left &amp;apos;)]//span[@title=&amp;apos;Land&amp;apos;]&amp;quot;}
  (Session info: chrome=113.0.5672.127)
For documentation on this error, please visit: http://seleniumhq.org/exceptions/no_such_element.html
Build info: version: &amp;apos;3.4.0&amp;apos;, revision: &amp;apos;unknown&amp;apos;, time: &amp;apos;unknown&amp;apos;
System info: host: &amp;apos;IB-PUNE-LAP-356&amp;apos;, ip: &amp;apos;172.29.80.1&amp;apos;, os.name: &amp;apos;Windows 10&amp;apos;, os.arch: &amp;apos;amd64&amp;apos;, os.version: &amp;apos;10.0&amp;apos;, java.version: &amp;apos;17.0.4.1&amp;apos;
Driver info: org.openqa.selenium.chrome.ChromeDriver
Capabilities [{networkConnectionEnabled=false, chrome={chromedriverVersion=113.0.5672.63 (0e1a4471d5ae5bf128b1bd8f4d627c8cbd55f70c-refs/branch-heads/5672@{#912}), userDataDir=C:\Users\PRUTHV~1\AppData\Local\Temp\scoped_dir82668_639714584}, timeouts={implicit=0.0, pageLoad=300000.0, script=30000.0}, pageLoadStrategy=normal, unhandledPromptBehavior=dismiss and notify, strictFileInteractability=false, platform=ANY, proxy=Proxy(), webauthn:extension:minPinLength=true, goog:chromeOptions={debuggerAddress=localhost:63894}, webauthn:extension:credBlob=true, webauthn:extension:prf=true, acceptInsecureCerts=false, browserVersion=113.0.5672.127, browserName=chrome, javascriptEnabled=true, platformName=windows, setWindowRect=true, webauthn:extension:largeBlob=true, webauthn:virtualAuthenticators=true}]
Session ID: 765750e46cc0eacf027d63708219eb76
*** Element info: {Using=xpath, value=//div[contains(@class,&amp;apos;slds-dropdown_fluid slds-dropdown_left &amp;apos;)]//span[@title=&amp;apos;Land&amp;apos;]}">
      <![CDATA[org.openqa.selenium.NoSuchElementException: no such element: Unable to locate element: {"method":"xpath","selector":"//div[contains(@class,'slds-dropdown_fluid slds-dropdown_left ')]//span[@title='Land']"}
  (Session info: chrome=113.0.5672.127)
For documentation on this error, please visit: http://seleniumhq.org/exceptions/no_such_element.html
Build info: version: '3.4.0', revision: 'unknown', time: 'unknown'
System info: host: 'IB-PUNE-LAP-356', ip: '172.29.80.1', os.name: 'Windows 10', os.arch: 'amd64', os.version: '10.0', java.version: '17.0.4.1'
Driver info: org.openqa.selenium.chrome.ChromeDriver
Capabilities [{networkConnectionEnabled=false, chrome={chromedriverVersion=113.0.5672.63 (0e1a4471d5ae5bf128b1bd8f4d627c8cbd55f70c-refs/branch-heads/5672@{#912}), userDataDir=C:\Users\PRUTHV~1\AppData\Local\Temp\scoped_dir82668_639714584}, timeouts={implicit=0.0, pageLoad=300000.0, script=30000.0}, pageLoadStrategy=normal, unhandledPromptBehavior=dismiss and notify, strictFileInteractability=false, platform=ANY, proxy=Proxy(), webauthn:extension:minPinLength=true, goog:chromeOptions={debuggerAddress=localhost:63894}, webauthn:extension:credBlob=true, webauthn:extension:prf=true, acceptInsecureCerts=false, browserVersion=113.0.5672.127, browserName=chrome, javascriptEnabled=true, platformName=windows, setWindowRect=true, webauthn:extension:largeBlob=true, webauthn:virtualAuthenticators=true}]
Session ID: 765750e46cc0eacf027d63708219eb76
*** Element info: {Using=xpath, value=//div[contains(@class,'slds-dropdown_fluid slds-dropdown_left ')]//span[@title='Land']}
at org.openqa.selenium.remote.http.W3CHttpResponseCodec.createException(W3CHttpResponseCodec.java:150)
at org.openqa.selenium.remote.http.W3CHttpResponseCodec.decode(W3CHttpResponseCodec.java:115)
at org.openqa.selenium.remote.http.W3CHttpResponseCodec.decode(W3CHttpResponseCodec.java:45)
at org.openqa.selenium.remote.HttpCommandExecutor.execute(HttpCommandExecutor.java:164)
at org.openqa.selenium.remote.service.DriverCommandExecutor.execute(DriverCommandExecutor.java:82)
at org.openqa.selenium.remote.RemoteWebDriver.execute(RemoteWebDriver.java:637)
at org.openqa.selenium.remote.RemoteWebDriver.findElement(RemoteWebDriver.java:410)
at org.openqa.selenium.remote.RemoteWebDriver.findElementByXPath(RemoteWebDriver.java:509)
at org.openqa.selenium.By$ByXPath.findElement(By.java:361)
at org.openqa.selenium.remote.RemoteWebDriver.findElement(RemoteWebDriver.java:402)
at Pom.Person.UnitSelectionForAccount.dropDownValuesFromDetails(UnitSelectionForAccount.java:201)
at Pom.Person.UnitSelectionForAccount.dropdownFromDetailsHandle(UnitSelectionForAccount.java:377)
at Test.Person.UnitSelection.T002(UnitSelection.java:118)
at java.base/java.util.ArrayList.forEach(ArrayList.java:1511)
... Removed 32 stack frames]]>
    </failure>
  </testcase> <!-- T002 -->
  <testcase classname="Base.BaseClass" name="@BeforeTest launchBrowser" time="0.0">
    <ignored/>
  </testcase> <!-- @BeforeTest launchBrowser -->
  <testcase classname="Base.BaseClass" name="@BeforeTest launchBrowser" time="0.0">
    <ignored/>
  </testcase> <!-- @BeforeTest launchBrowser -->
  <testcase classname="Test.Person.LeadsCreationTest" name="T001" time="0.0">
    <ignored/>
  </testcase> <!-- T001 -->
  <testcase classname="Test.Person.LeadsCreationTest" name="T002" time="0.0">
    <ignored/>
  </testcase> <!-- T002 -->
  <testcase classname="Test.Person.UnitSelection" name="T001" time="0.0">
    <ignored/>
  </testcase> <!-- T001 -->
  <testcase classname="Base.BaseClass" name="@AfterTest tearDown" time="0.0">
    <ignored/>
  </testcase> <!-- @AfterTest tearDown -->
  <testcase classname="Base.BaseClass" name="@AfterTest tearDown" time="0.0">
    <ignored/>
  </testcase> <!-- @AfterTest tearDown -->
  <testcase classname="Test.Person.LeadsCreationTest" name="T003" time="0.0">
    <ignored/>
  </testcase> <!-- T003 -->
  <testcase classname="Test.Person.UnitSelection" name="T003" time="0.0">
    <ignored/>
  </testcase> <!-- T003 -->
  <testcase classname="Test.Person.LeadsCreationTest" name="T005" time="0.0">
    <ignored/>
  </testcase> <!-- T005 -->
  <testcase classname="Test.Person.LeadsCreationTest" name="T006" time="0.0">
    <ignored/>
  </testcase> <!-- T006 -->
  <testcase classname="Test.Person.LeadsCreationTest" name="T004" time="0.0">
    <ignored/>
  </testcase> <!-- T004 -->
  <testcase classname="Test.Person.LeadConversionTest" name="T001" time="0.0">
    <ignored/>
  </testcase> <!-- T001 -->
  <testcase classname="Test.Person.LeadConversionTest" name="T002" time="0.0">
    <ignored/>
  </testcase> <!-- T002 -->
</testsuite> <!-- Test -->
