{"uuid":"17cb78ec-ce08-437f-8615-56be1799ed74","historyId":"317cd709f589c3f535dd559a435aa39","fullName":"Test.Person.LeadConversionTest.T001","labels":[{"name":"package","value":"Test.Person.LeadConversionTest"},{"name":"testClass","value":"Test.Person.LeadConversionTest"},{"name":"testMethod","value":"T001"},{"name":"parentSuite","value":"Default suite"},{"name":"suite","value":"Default test"},{"name":"subSuite","value":"Test.Person.LeadConversionTest"},{"name":"host","value":"IB-Pune-LAP-356"},{"name":"thread","value":"45912@IB-Pune-LAP-356.main(1)"},{"name":"framework","value":"testng"},{"name":"language","value":"java"}],"links":[],"name":"Verify user able to change the status of lead to 'Qualified Lead' and after that its show as 'converted lead'","status":"broken","statusDetails":{"known":false,"muted":false,"flaky":false,"message":"unexpected alert open: {Alert text : }\n  (Session info: chrome=113.0.5672.127): {Alert text : \nBuild info: version: '3.4.0', revision: 'unknown', time: 'unknown'\nSystem info: host: 'IB-PUNE-LAP-356', ip: '172.29.80.1', os.name: 'Windows 10', os.arch: 'amd64', os.version: '10.0', java.version: '17.0.4.1'\nDriver info: org.openqa.selenium.chrome.ChromeDriver\nCapabilities [{networkConnectionEnabled=false, chrome={chromedriverVersion=113.0.5672.63 (0e1a4471d5ae5bf128b1bd8f4d627c8cbd55f70c-refs/branch-heads/5672@{#912}), userDataDir=C:\\Users\\PRUTHV~1\\AppData\\Local\\Temp\\scoped_dir73392_846799426}, timeouts={implicit=0.0, pageLoad=300000.0, script=30000.0}, pageLoadStrategy=normal, unhandledPromptBehavior=dismiss and notify, strictFileInteractability=false, platform=ANY, proxy=Proxy(), webauthn:extension:minPinLength=true, goog:chromeOptions={debuggerAddress=localhost:60236}, webauthn:extension:credBlob=true, webauthn:extension:prf=true, acceptInsecureCerts=false, browserVersion=113.0.5672.127, browserName=chrome, javascriptEnabled=true, platformName=windows, setWindowRect=true, webauthn:extension:largeBlob=true, webauthn:virtualAuthenticators=true}]\nSession ID: 6683c2488230060b2f38be51e10bb5a0\n*** Element info: {Using=xpath, value=//button[@name='SaveEdit']}","trace":"org.openqa.selenium.UnhandledAlertException: unexpected alert open: {Alert text : }\n  (Session info: chrome=113.0.5672.127): {Alert text : \nBuild info: version: '3.4.0', revision: 'unknown', time: 'unknown'\nSystem info: host: 'IB-PUNE-LAP-356', ip: '172.29.80.1', os.name: 'Windows 10', os.arch: 'amd64', os.version: '10.0', java.version: '17.0.4.1'\nDriver info: org.openqa.selenium.chrome.ChromeDriver\nCapabilities [{networkConnectionEnabled=false, chrome={chromedriverVersion=113.0.5672.63 (0e1a4471d5ae5bf128b1bd8f4d627c8cbd55f70c-refs/branch-heads/5672@{#912}), userDataDir=C:\\Users\\PRUTHV~1\\AppData\\Local\\Temp\\scoped_dir73392_846799426}, timeouts={implicit=0.0, pageLoad=300000.0, script=30000.0}, pageLoadStrategy=normal, unhandledPromptBehavior=dismiss and notify, strictFileInteractability=false, platform=ANY, proxy=Proxy(), webauthn:extension:minPinLength=true, goog:chromeOptions={debuggerAddress=localhost:60236}, webauthn:extension:credBlob=true, webauthn:extension:prf=true, acceptInsecureCerts=false, browserVersion=113.0.5672.127, browserName=chrome, javascriptEnabled=true, platformName=windows, setWindowRect=true, webauthn:extension:largeBlob=true, webauthn:virtualAuthenticators=true}]\nSession ID: 6683c2488230060b2f38be51e10bb5a0\n*** Element info: {Using=xpath, value=//button[@name='SaveEdit']}\r\n\tat org.openqa.selenium.remote.http.W3CHttpResponseCodec.decode(W3CHttpResponseCodec.java:113)\r\n\tat org.openqa.selenium.remote.http.W3CHttpResponseCodec.decode(W3CHttpResponseCodec.java:45)\r\n\tat org.openqa.selenium.remote.HttpCommandExecutor.execute(HttpCommandExecutor.java:164)\r\n\tat org.openqa.selenium.remote.service.DriverCommandExecutor.execute(DriverCommandExecutor.java:82)\r\n\tat org.openqa.selenium.remote.RemoteWebDriver.execute(RemoteWebDriver.java:637)\r\n\tat org.openqa.selenium.remote.RemoteWebDriver.findElement(RemoteWebDriver.java:410)\r\n\tat org.openqa.selenium.remote.RemoteWebDriver.findElementByXPath(RemoteWebDriver.java:509)\r\n\tat org.openqa.selenium.By$ByXPath.findElement(By.java:361)\r\n\tat org.openqa.selenium.remote.RemoteWebDriver.findElement(RemoteWebDriver.java:402)\r\n\tat org.openqa.selenium.support.pagefactory.DefaultElementLocator.findElement(DefaultElementLocator.java:69)\r\n\tat org.openqa.selenium.support.pagefactory.internal.LocatingElementHandler.invoke(LocatingElementHandler.java:38)\r\n\tat jdk.proxy2/jdk.proxy2.$Proxy15.click(Unknown Source)\r\n\tat Pom.Person.Leads.saveLeadInformation(Leads.java:468)\r\n\tat Pom.Person.Leads.qulifiedLeadUpdate(Leads.java:380)\r\n\tat Test.Person.LeadConversionTest.T001(LeadConversionTest.java:38)\r\n\tat java.base/jdk.internal.reflect.NativeMethodAccessorImpl.invoke0(Native Method)\r\n\tat java.base/jdk.internal.reflect.NativeMethodAccessorImpl.invoke(NativeMethodAccessorImpl.java:77)\r\n\tat java.base/jdk.internal.reflect.DelegatingMethodAccessorImpl.invoke(DelegatingMethodAccessorImpl.java:43)\r\n\tat java.base/java.lang.reflect.Method.invoke(Method.java:568)\r\n\tat org.testng.internal.MethodInvocationHelper.invokeMethod(MethodInvocationHelper.java:133)\r\n\tat org.testng.internal.TestInvoker.invokeMethod(TestInvoker.java:598)\r\n\tat org.testng.internal.TestInvoker.invokeTestMethod(TestInvoker.java:173)\r\n\tat org.testng.internal.MethodRunner.runInSequence(MethodRunner.java:46)\r\n\tat org.testng.internal.TestInvoker$MethodInvocationAgent.invoke(TestInvoker.java:824)\r\n\tat org.testng.internal.TestInvoker.invokeTestMethods(TestInvoker.java:146)\r\n\tat org.testng.internal.TestMethodWorker.invokeTestMethods(TestMethodWorker.java:146)\r\n\tat org.testng.internal.TestMethodWorker.run(TestMethodWorker.java:128)\r\n\tat java.base/java.util.ArrayList.forEach(ArrayList.java:1511)\r\n\tat org.testng.TestRunner.privateRun(TestRunner.java:794)\r\n\tat org.testng.TestRunner.run(TestRunner.java:596)\r\n\tat org.testng.SuiteRunner.runTest(SuiteRunner.java:377)\r\n\tat org.testng.SuiteRunner.runSequentially(SuiteRunner.java:371)\r\n\tat org.testng.SuiteRunner.privateRun(SuiteRunner.java:332)\r\n\tat org.testng.SuiteRunner.run(SuiteRunner.java:276)\r\n\tat org.testng.SuiteRunnerWorker.runSuite(SuiteRunnerWorker.java:53)\r\n\tat org.testng.SuiteRunnerWorker.run(SuiteRunnerWorker.java:96)\r\n\tat org.testng.TestNG.runSuitesSequentially(TestNG.java:1212)\r\n\tat org.testng.TestNG.runSuitesLocally(TestNG.java:1134)\r\n\tat org.testng.TestNG.runSuites(TestNG.java:1063)\r\n\tat org.testng.TestNG.run(TestNG.java:1031)\r\n\tat org.testng.remote.AbstractRemoteTestNG.run(AbstractRemoteTestNG.java:115)\r\n\tat org.testng.remote.RemoteTestNG.initAndRun(RemoteTestNG.java:251)\r\n\tat org.testng.remote.RemoteTestNG.main(RemoteTestNG.java:77)\r\n"},"stage":"finished","steps":[{"name":"User login sandbox with the correct credentials","status":"passed","stage":"finished","steps":[],"attachments":[],"parameters":[{"name":"usernameValue","value":"jayant.rajput@infobeans.com.regsb"},{"name":"passwordValue","value":"Sales@1234"}],"start":1685631315300,"stop":1685631316553},{"name":"Fill the data in the lead page","status":"passed","stage":"finished","steps":[{"name":"Add the random name middle name and the last name","status":"passed","stage":"finished","steps":[],"attachments":[],"parameters":[{"name":"firstNameValue","value":"Automation1"},{"name":"MiddleNameValue","value":"Automation"},{"name":"lastNameValue","value":"Automation12"}],"start":1685631319624,"stop":1685631350476},{"name":"Fill the data form dropdown to create lead","status":"passed","stage":"finished","steps":[],"attachments":[],"parameters":[{"name":"dropdownTypes","value":"Customer Type, --None--"},{"name":"dropdownValues","value":"New Customer"}],"start":1685631350478,"stop":1685631352281},{"name":"Fill the data form dropdown to create lead","status":"passed","stage":"finished","steps":[],"attachments":[],"parameters":[{"name":"dropdownTypes","value":"Sales Type, --None--"},{"name":"dropdownValues","value":"Institutional"}],"start":1685631353793,"stop":1685631355554},{"name":"Fill the data form dropdown to create lead","status":"passed","stage":"finished","steps":[],"attachments":[],"parameters":[{"name":"dropdownTypes","value":"Property Usage, --None--"},{"name":"dropdownValues","value":"Corporate"}],"start":1685631355809,"stop":1685631358198},{"name":"Fill the data form dropdown to create lead","status":"passed","stage":"finished","steps":[],"attachments":[],"parameters":[{"name":"dropdownTypes","value":"Project, --None--"},{"name":"dropdownValues","value":"Al Bandar Plaza"}],"start":1685631358429,"stop":1685631360661},{"name":"Fill the data form dropdown to create lead","status":"passed","stage":"finished","steps":[],"attachments":[],"parameters":[{"name":"dropdownTypes","value":"Sales Origin, --None--"},{"name":"dropdownValues","value":"Domestic"}],"start":1685631360924,"stop":1685631364215},{"name":"Fill the data form dropdown to create lead","status":"passed","stage":"finished","steps":[],"attachments":[],"parameters":[{"name":"dropdownTypes","value":"Method of Contact, --None--"},{"name":"dropdownValues","value":"Walk-In"}],"start":1685631364324,"stop":1685631367860},{"name":"Fill the data form dropdown to create lead","status":"passed","stage":"finished","steps":[],"attachments":[],"parameters":[{"name":"dropdownTypes","value":"Enquiry Category, --None--"},{"name":"dropdownValues","value":"Roadshow"}],"start":1685631367960,"stop":1685631371374},{"name":"Fill the data form dropdown to create lead","status":"passed","stage":"finished","steps":[],"attachments":[],"parameters":[{"name":"dropdownTypes","value":"Enquiry Trigger, --None--"},{"name":"dropdownValues","value":"International Events & Exhibitions"}],"start":1685631371483,"stop":1685631374916},{"name":"Click on save button","status":"passed","stage":"finished","steps":[],"attachments":[],"parameters":[],"start":1685631374917,"stop":1685631375181}],"attachments":[],"parameters":[{"name":"firstName","value":"Automation1"},{"name":"middleName","value":"Automation"},{"name":"LastName","value":"Automation12"}],"start":1685631319624,"stop":1685631375181},{"name":"Get the unique id of the lead from the lead page","status":"passed","stage":"finished","steps":[],"attachments":[],"parameters":[],"start":1685631375182,"stop":1685631382315},{"name":"Validate the status of the lead after click on the lead that is inprocess or completed","status":"passed","stage":"finished","steps":[],"attachments":[],"parameters":[],"start":1685631382315,"stop":1685631384235},{"name":"logout from the account","status":"passed","stage":"finished","steps":[],"attachments":[],"parameters":[],"start":1685631384542,"stop":1685631387732},{"name":"User login sandbox with the correct credentials","status":"passed","stage":"finished","steps":[],"attachments":[],"parameters":[{"name":"usernameValue","value":"arbaaz.khan@infobeans.com.regsb"},{"name":"passwordValue","value":"Amk@0101.IT"}],"start":1685631387733,"stop":1685631395086},{"name":"globally search for the lead and click on the lead","status":"passed","stage":"finished","steps":[],"attachments":[],"parameters":[{"name":"value","value":"L00414502"}],"start":1685631395086,"stop":1685631431513},{"name":"Set the random eamil id","status":"passed","stage":"finished","steps":[],"attachments":[],"parameters":[{"name":"emailID","value":"abdsspu@gmail.com"}],"start":1685631431514,"stop":1685631438343},{"name":"Wait unit the emailID Text is to be displyed","status":"passed","stage":"finished","steps":[],"attachments":[],"parameters":[],"start":1685631438343,"stop":1685631438477},{"name":"Set values in the dropdown without click on the save","status":"passed","stage":"finished","steps":[],"attachments":[],"parameters":[{"name":"dropdownTypes","value":"Mobile Country Code, --None--"},{"name":"dropdownValues","value":"United Arab Emirates(+971)"}],"start":1685631438477,"stop":1685631439963},{"name":"Set the random mobile number","status":"passed","stage":"finished","steps":[],"attachments":[],"parameters":[{"name":"mobileNumberValue","value":"6801867913"}],"start":1685631439964,"stop":1685631440334},{"name":"Click on save button","status":"passed","stage":"finished","steps":[],"attachments":[],"parameters":[],"start":1685631440335,"stop":1685631440767},{"name":"logout from the account","status":"passed","stage":"finished","steps":[],"attachments":[],"parameters":[],"start":1685631440767,"stop":1685631451299},{"name":"User login sandbox with the correct credentials","status":"passed","stage":"finished","steps":[],"attachments":[],"parameters":[{"name":"usernameValue","value":"jayant.rajput@infobeans.com.regsb"},{"name":"passwordValue","value":"Sales@1234"}],"start":1685631451804,"stop":1685631456980},{"name":"global search for the lead after the sales login","status":"passed","stage":"finished","steps":[],"attachments":[],"parameters":[{"name":"value","value":"L00414502"}],"start":1685631456981,"stop":1685631462121},{"name":"Updated the qulified lead","status":"passed","stage":"finished","steps":[],"attachments":[],"parameters":[],"start":1685631462121,"stop":1685631468638},{"name":"fill the values of the dropdown after the qulified lead","status":"broken","statusDetails":{"known":false,"muted":false,"flaky":false,"message":"unexpected alert open: {Alert text : }\n  (Session info: chrome=113.0.5672.127): {Alert text : \nBuild info: version: '3.4.0', revision: 'unknown', time: 'unknown'\nSystem info: host: 'IB-PUNE-LAP-356', ip: '172.29.80.1', os.name: 'Windows 10', os.arch: 'amd64', os.version: '10.0', java.version: '17.0.4.1'\nDriver info: org.openqa.selenium.chrome.ChromeDriver\nCapabilities [{networkConnectionEnabled=false, chrome={chromedriverVersion=113.0.5672.63 (0e1a4471d5ae5bf128b1bd8f4d627c8cbd55f70c-refs/branch-heads/5672@{#912}), userDataDir=C:\\Users\\PRUTHV~1\\AppData\\Local\\Temp\\scoped_dir73392_846799426}, timeouts={implicit=0.0, pageLoad=300000.0, script=30000.0}, pageLoadStrategy=normal, unhandledPromptBehavior=dismiss and notify, strictFileInteractability=false, platform=ANY, proxy=Proxy(), webauthn:extension:minPinLength=true, goog:chromeOptions={debuggerAddress=localhost:60236}, webauthn:extension:credBlob=true, webauthn:extension:prf=true, acceptInsecureCerts=false, browserVersion=113.0.5672.127, browserName=chrome, javascriptEnabled=true, platformName=windows, setWindowRect=true, webauthn:extension:largeBlob=true, webauthn:virtualAuthenticators=true}]\nSession ID: 6683c2488230060b2f38be51e10bb5a0\n*** Element info: {Using=xpath, value=//button[@name='SaveEdit']}","trace":"org.openqa.selenium.UnhandledAlertException: unexpected alert open: {Alert text : }\n  (Session info: chrome=113.0.5672.127): {Alert text : \nBuild info: version: '3.4.0', revision: 'unknown', time: 'unknown'\nSystem info: host: 'IB-PUNE-LAP-356', ip: '172.29.80.1', os.name: 'Windows 10', os.arch: 'amd64', os.version: '10.0', java.version: '17.0.4.1'\nDriver info: org.openqa.selenium.chrome.ChromeDriver\nCapabilities [{networkConnectionEnabled=false, chrome={chromedriverVersion=113.0.5672.63 (0e1a4471d5ae5bf128b1bd8f4d627c8cbd55f70c-refs/branch-heads/5672@{#912}), userDataDir=C:\\Users\\PRUTHV~1\\AppData\\Local\\Temp\\scoped_dir73392_846799426}, timeouts={implicit=0.0, pageLoad=300000.0, script=30000.0}, pageLoadStrategy=normal, unhandledPromptBehavior=dismiss and notify, strictFileInteractability=false, platform=ANY, proxy=Proxy(), webauthn:extension:minPinLength=true, goog:chromeOptions={debuggerAddress=localhost:60236}, webauthn:extension:credBlob=true, webauthn:extension:prf=true, acceptInsecureCerts=false, browserVersion=113.0.5672.127, browserName=chrome, javascriptEnabled=true, platformName=windows, setWindowRect=true, webauthn:extension:largeBlob=true, webauthn:virtualAuthenticators=true}]\nSession ID: 6683c2488230060b2f38be51e10bb5a0\n*** Element info: {Using=xpath, value=//button[@name='SaveEdit']}\r\n\tat org.openqa.selenium.remote.http.W3CHttpResponseCodec.decode(W3CHttpResponseCodec.java:113)\r\n\tat org.openqa.selenium.remote.http.W3CHttpResponseCodec.decode(W3CHttpResponseCodec.java:45)\r\n\tat org.openqa.selenium.remote.HttpCommandExecutor.execute(HttpCommandExecutor.java:164)\r\n\tat org.openqa.selenium.remote.service.DriverCommandExecutor.execute(DriverCommandExecutor.java:82)\r\n\tat org.openqa.selenium.remote.RemoteWebDriver.execute(RemoteWebDriver.java:637)\r\n\tat org.openqa.selenium.remote.RemoteWebDriver.findElement(RemoteWebDriver.java:410)\r\n\tat org.openqa.selenium.remote.RemoteWebDriver.findElementByXPath(RemoteWebDriver.java:509)\r\n\tat org.openqa.selenium.By$ByXPath.findElement(By.java:361)\r\n\tat org.openqa.selenium.remote.RemoteWebDriver.findElement(RemoteWebDriver.java:402)\r\n\tat org.openqa.selenium.support.pagefactory.DefaultElementLocator.findElement(DefaultElementLocator.java:69)\r\n\tat org.openqa.selenium.support.pagefactory.internal.LocatingElementHandler.invoke(LocatingElementHandler.java:38)\r\n\tat jdk.proxy2/jdk.proxy2.$Proxy15.click(Unknown Source)\r\n\tat Pom.Person.Leads.saveLeadInformation(Leads.java:468)\r\n\tat Pom.Person.Leads.qulifiedLeadUpdate(Leads.java:380)\r\n\tat Test.Person.LeadConversionTest.T001(LeadConversionTest.java:38)\r\n\tat java.base/jdk.internal.reflect.NativeMethodAccessorImpl.invoke0(Native Method)\r\n\tat java.base/jdk.internal.reflect.NativeMethodAccessorImpl.invoke(NativeMethodAccessorImpl.java:77)\r\n\tat java.base/jdk.internal.reflect.DelegatingMethodAccessorImpl.invoke(DelegatingMethodAccessorImpl.java:43)\r\n\tat java.base/java.lang.reflect.Method.invoke(Method.java:568)\r\n\tat org.testng.internal.MethodInvocationHelper.invokeMethod(MethodInvocationHelper.java:133)\r\n\tat org.testng.internal.TestInvoker.invokeMethod(TestInvoker.java:598)\r\n\tat org.testng.internal.TestInvoker.invokeTestMethod(TestInvoker.java:173)\r\n\tat org.testng.internal.MethodRunner.runInSequence(MethodRunner.java:46)\r\n\tat org.testng.internal.TestInvoker$MethodInvocationAgent.invoke(TestInvoker.java:824)\r\n\tat org.testng.internal.TestInvoker.invokeTestMethods(TestInvoker.java:146)\r\n\tat org.testng.internal.TestMethodWorker.invokeTestMethods(TestMethodWorker.java:146)\r\n\tat org.testng.internal.TestMethodWorker.run(TestMethodWorker.java:128)\r\n\tat java.base/java.util.ArrayList.forEach(ArrayList.java:1511)\r\n\tat org.testng.TestRunner.privateRun(TestRunner.java:794)\r\n\tat org.testng.TestRunner.run(TestRunner.java:596)\r\n\tat org.testng.SuiteRunner.runTest(SuiteRunner.java:377)\r\n\tat org.testng.SuiteRunner.runSequentially(SuiteRunner.java:371)\r\n\tat org.testng.SuiteRunner.privateRun(SuiteRunner.java:332)\r\n\tat org.testng.SuiteRunner.run(SuiteRunner.java:276)\r\n\tat org.testng.SuiteRunnerWorker.runSuite(SuiteRunnerWorker.java:53)\r\n\tat org.testng.SuiteRunnerWorker.run(SuiteRunnerWorker.java:96)\r\n\tat org.testng.TestNG.runSuitesSequentially(TestNG.java:1212)\r\n\tat org.testng.TestNG.runSuitesLocally(TestNG.java:1134)\r\n\tat org.testng.TestNG.runSuites(TestNG.java:1063)\r\n\tat org.testng.TestNG.run(TestNG.java:1031)\r\n\tat org.testng.remote.AbstractRemoteTestNG.run(AbstractRemoteTestNG.java:115)\r\n\tat org.testng.remote.RemoteTestNG.initAndRun(RemoteTestNG.java:251)\r\n\tat org.testng.remote.RemoteTestNG.main(RemoteTestNG.java:77)\r\n"},"stage":"finished","steps":[{"name":"Set values in the dropdown without click on the save","status":"passed","stage":"finished","steps":[],"attachments":[],"parameters":[{"name":"dropdownTypes","value":"Lead Status, In Progress Lead"},{"name":"dropdownValues","value":"Qualified Lead"}],"start":1685631468644,"stop":1685631470080},{"name":"Add data in the dropdown after clcik on save and sang suggestions","status":"passed","stage":"finished","steps":[],"attachments":[],"parameters":[{"name":"dropdownTypes","value":"Unit Type, --None--"},{"name":"dropdownValues","value":"Apartment"},{"name":"sangTypes","value":"Unit Type"}],"start":1685631470080,"stop":1685631472806},{"name":"Add data in the dropdown after clcik on save and sang suggestions","status":"passed","stage":"finished","steps":[],"attachments":[],"parameters":[{"name":"dropdownTypes","value":"Buy/Rent, --None--"},{"name":"dropdownValues","value":"Buy"},{"name":"sangTypes","value":"Buy/Rent"}],"start":1685631472806,"stop":1685631475297},{"name":"Add data in the dropdown after clcik on save and sang suggestions","status":"passed","stage":"finished","steps":[],"attachments":[],"parameters":[{"name":"dropdownTypes","value":"Lead Origin, --None--"},{"name":"dropdownValues","value":"United Arab Emirates"},{"name":"sangTypes","value":"Lead Origin"}],"start":1685631475297,"stop":1685631477729},{"name":"Add data in the dropdown after clcik on save and sang suggestions","status":"passed","stage":"finished","steps":[],"attachments":[],"parameters":[{"name":"dropdownTypes","value":"Customer Budget, --None--"},{"name":"dropdownValues","value":"0M-AED 25M"},{"name":"sangTypes","value":"Customer Budget"}],"start":1685631477729,"stop":1685631480541},{"name":"Add data in the dropdown after clcik on save and sang suggestions","status":"passed","stage":"finished","steps":[],"attachments":[],"parameters":[{"name":"dropdownTypes","value":"Customer Sub Type, --None--"},{"name":"dropdownValues","value":"DOMESTIC"},{"name":"sangTypes","value":"Customer Sub Type"}],"start":1685631480542,"stop":1685631498349},{"name":"Add data in the dropdown after clcik on save and sang suggestions","status":"passed","stage":"finished","steps":[],"attachments":[],"parameters":[{"name":"dropdownTypes","value":"Number of Bedrooms, --None--"},{"name":"dropdownValues","value":"2BHK"},{"name":"sangTypes","value":"Number of Bedrooms"}],"start":1685631498349,"stop":1685631498426},{"name":"Add data in the dropdown after clcik on save and sang suggestions","status":"passed","stage":"finished","steps":[],"attachments":[],"parameters":[{"name":"dropdownTypes","value":"Resident Status, --None--"},{"name":"dropdownValues","value":"Resident"},{"name":"sangTypes","value":"Resident Status"}],"start":1685631498427,"stop":1685631500491},{"name":"Add data in the dropdown after clcik on save and sang suggestions","status":"passed","stage":"finished","steps":[],"attachments":[],"parameters":[{"name":"dropdownTypes","value":"Financing, --None--"},{"name":"dropdownValues","value":"Yes"},{"name":"sangTypes","value":"Financing"}],"start":1685631500491,"stop":1685631500905},{"name":"Add data in the dropdown after clcik on save and sang suggestions","status":"passed","stage":"finished","steps":[],"attachments":[],"parameters":[{"name":"dropdownTypes","value":"Purpose of Use, --None--"},{"name":"dropdownValues","value":"End User"},{"name":"sangTypes","value":"Purpose of Use"}],"start":1685631500905,"stop":1685631502869},{"name":"Add data in the dropdown after clcik on save and sang suggestions","status":"passed","stage":"finished","steps":[],"attachments":[],"parameters":[{"name":"dropdownTypes","value":"Property Readiness, --None--"},{"name":"dropdownValues","value":"0-12 months"},{"name":"sangTypes","value":"Property Readiness"}],"start":1685631502869,"stop":1685631504461},{"name":"Click on save button","status":"broken","statusDetails":{"known":false,"muted":false,"flaky":false,"message":"unexpected alert open: {Alert text : }\n  (Session info: chrome=113.0.5672.127): {Alert text : \nBuild info: version: '3.4.0', revision: 'unknown', time: 'unknown'\nSystem info: host: 'IB-PUNE-LAP-356', ip: '172.29.80.1', os.name: 'Windows 10', os.arch: 'amd64', os.version: '10.0', java.version: '17.0.4.1'\nDriver info: org.openqa.selenium.chrome.ChromeDriver\nCapabilities [{networkConnectionEnabled=false, chrome={chromedriverVersion=113.0.5672.63 (0e1a4471d5ae5bf128b1bd8f4d627c8cbd55f70c-refs/branch-heads/5672@{#912}), userDataDir=C:\\Users\\PRUTHV~1\\AppData\\Local\\Temp\\scoped_dir73392_846799426}, timeouts={implicit=0.0, pageLoad=300000.0, script=30000.0}, pageLoadStrategy=normal, unhandledPromptBehavior=dismiss and notify, strictFileInteractability=false, platform=ANY, proxy=Proxy(), webauthn:extension:minPinLength=true, goog:chromeOptions={debuggerAddress=localhost:60236}, webauthn:extension:credBlob=true, webauthn:extension:prf=true, acceptInsecureCerts=false, browserVersion=113.0.5672.127, browserName=chrome, javascriptEnabled=true, platformName=windows, setWindowRect=true, webauthn:extension:largeBlob=true, webauthn:virtualAuthenticators=true}]\nSession ID: 6683c2488230060b2f38be51e10bb5a0\n*** Element info: {Using=xpath, value=//button[@name='SaveEdit']}","trace":"org.openqa.selenium.UnhandledAlertException: unexpected alert open: {Alert text : }\n  (Session info: chrome=113.0.5672.127): {Alert text : \nBuild info: version: '3.4.0', revision: 'unknown', time: 'unknown'\nSystem info: host: 'IB-PUNE-LAP-356', ip: '172.29.80.1', os.name: 'Windows 10', os.arch: 'amd64', os.version: '10.0', java.version: '17.0.4.1'\nDriver info: org.openqa.selenium.chrome.ChromeDriver\nCapabilities [{networkConnectionEnabled=false, chrome={chromedriverVersion=113.0.5672.63 (0e1a4471d5ae5bf128b1bd8f4d627c8cbd55f70c-refs/branch-heads/5672@{#912}), userDataDir=C:\\Users\\PRUTHV~1\\AppData\\Local\\Temp\\scoped_dir73392_846799426}, timeouts={implicit=0.0, pageLoad=300000.0, script=30000.0}, pageLoadStrategy=normal, unhandledPromptBehavior=dismiss and notify, strictFileInteractability=false, platform=ANY, proxy=Proxy(), webauthn:extension:minPinLength=true, goog:chromeOptions={debuggerAddress=localhost:60236}, webauthn:extension:credBlob=true, webauthn:extension:prf=true, acceptInsecureCerts=false, browserVersion=113.0.5672.127, browserName=chrome, javascriptEnabled=true, platformName=windows, setWindowRect=true, webauthn:extension:largeBlob=true, webauthn:virtualAuthenticators=true}]\nSession ID: 6683c2488230060b2f38be51e10bb5a0\n*** Element info: {Using=xpath, value=//button[@name='SaveEdit']}\r\n\tat org.openqa.selenium.remote.http.W3CHttpResponseCodec.decode(W3CHttpResponseCodec.java:113)\r\n\tat org.openqa.selenium.remote.http.W3CHttpResponseCodec.decode(W3CHttpResponseCodec.java:45)\r\n\tat org.openqa.selenium.remote.HttpCommandExecutor.execute(HttpCommandExecutor.java:164)\r\n\tat org.openqa.selenium.remote.service.DriverCommandExecutor.execute(DriverCommandExecutor.java:82)\r\n\tat org.openqa.selenium.remote.RemoteWebDriver.execute(RemoteWebDriver.java:637)\r\n\tat org.openqa.selenium.remote.RemoteWebDriver.findElement(RemoteWebDriver.java:410)\r\n\tat org.openqa.selenium.remote.RemoteWebDriver.findElementByXPath(RemoteWebDriver.java:509)\r\n\tat org.openqa.selenium.By$ByXPath.findElement(By.java:361)\r\n\tat org.openqa.selenium.remote.RemoteWebDriver.findElement(RemoteWebDriver.java:402)\r\n\tat org.openqa.selenium.support.pagefactory.DefaultElementLocator.findElement(DefaultElementLocator.java:69)\r\n\tat org.openqa.selenium.support.pagefactory.internal.LocatingElementHandler.invoke(LocatingElementHandler.java:38)\r\n\tat jdk.proxy2/jdk.proxy2.$Proxy15.click(Unknown Source)\r\n\tat Pom.Person.Leads.saveLeadInformation(Leads.java:468)\r\n\tat Pom.Person.Leads.qulifiedLeadUpdate(Leads.java:380)\r\n\tat Test.Person.LeadConversionTest.T001(LeadConversionTest.java:38)\r\n\tat java.base/jdk.internal.reflect.NativeMethodAccessorImpl.invoke0(Native Method)\r\n\tat java.base/jdk.internal.reflect.NativeMethodAccessorImpl.invoke(NativeMethodAccessorImpl.java:77)\r\n\tat java.base/jdk.internal.reflect.DelegatingMethodAccessorImpl.invoke(DelegatingMethodAccessorImpl.java:43)\r\n\tat java.base/java.lang.reflect.Method.invoke(Method.java:568)\r\n\tat org.testng.internal.MethodInvocationHelper.invokeMethod(MethodInvocationHelper.java:133)\r\n\tat org.testng.internal.TestInvoker.invokeMethod(TestInvoker.java:598)\r\n\tat org.testng.internal.TestInvoker.invokeTestMethod(TestInvoker.java:173)\r\n\tat org.testng.internal.MethodRunner.runInSequence(MethodRunner.java:46)\r\n\tat org.testng.internal.TestInvoker$MethodInvocationAgent.invoke(TestInvoker.java:824)\r\n\tat org.testng.internal.TestInvoker.invokeTestMethods(TestInvoker.java:146)\r\n\tat org.testng.internal.TestMethodWorker.invokeTestMethods(TestMethodWorker.java:146)\r\n\tat org.testng.internal.TestMethodWorker.run(TestMethodWorker.java:128)\r\n\tat java.base/java.util.ArrayList.forEach(ArrayList.java:1511)\r\n\tat org.testng.TestRunner.privateRun(TestRunner.java:794)\r\n\tat org.testng.TestRunner.run(TestRunner.java:596)\r\n\tat org.testng.SuiteRunner.runTest(SuiteRunner.java:377)\r\n\tat org.testng.SuiteRunner.runSequentially(SuiteRunner.java:371)\r\n\tat org.testng.SuiteRunner.privateRun(SuiteRunner.java:332)\r\n\tat org.testng.SuiteRunner.run(SuiteRunner.java:276)\r\n\tat org.testng.SuiteRunnerWorker.runSuite(SuiteRunnerWorker.java:53)\r\n\tat org.testng.SuiteRunnerWorker.run(SuiteRunnerWorker.java:96)\r\n\tat org.testng.TestNG.runSuitesSequentially(TestNG.java:1212)\r\n\tat org.testng.TestNG.runSuitesLocally(TestNG.java:1134)\r\n\tat org.testng.TestNG.runSuites(TestNG.java:1063)\r\n\tat org.testng.TestNG.run(TestNG.java:1031)\r\n\tat org.testng.remote.AbstractRemoteTestNG.run(AbstractRemoteTestNG.java:115)\r\n\tat org.testng.remote.RemoteTestNG.initAndRun(RemoteTestNG.java:251)\r\n\tat org.testng.remote.RemoteTestNG.main(RemoteTestNG.java:77)\r\n"},"stage":"finished","steps":[],"attachments":[],"parameters":[],"start":1685631504461,"stop":1685631504485}],"attachments":[],"parameters":[],"start":1685631468643,"stop":1685631504486}],"attachments":[],"parameters":[],"start":1685631315242,"stop":1685631504507}