{"uuid":"ed25335b-4426-4842-bf7f-e8ee193066ad","historyId":"22c6e89a3a15642e50931122b62d06fe","fullName":"Test.Person.SalesOrderGenrations.salesOrderUnitBookingTC006","labels":[{"name":"package","value":"Test.Person.SalesOrderGenrations"},{"name":"testClass","value":"Test.Person.SalesOrderGenrations"},{"name":"testMethod","value":"salesOrderUnitBookingTC006"},{"name":"parentSuite","value":"Suite"},{"name":"suite","value":"Test"},{"name":"subSuite","value":"Test.Person.SalesOrderGenrations"},{"name":"host","value":"IB-Pune-LAP-356"},{"name":"thread","value":"18736@IB-Pune-LAP-356.main(1)"},{"name":"framework","value":"testng"},{"name":"language","value":"java"}],"links":[],"name":"Verify if Sales Order is created when user completes the Unit Booking process.","status":"skipped","statusDetails":{"known":false,"muted":false,"flaky":false,"message":"element click intercepted: Element <button class=\"slds-button slds-button_neutral\" aria-disabled=\"false\" name=\"FORWARD\" type=\"button\">...</button> is not clickable at point (1187, 279). Other element would receive the click: <lightning-spinner c-opportunityunitsearch_opportunityunitsearch=\"\" variant=\"brand\" size=\"large\" class=\"slds-spinner_container\"></lightning-spinner>\n  (Session info: chrome=115.0.5790.102)\nBuild info: version: '3.4.0', revision: 'unknown', time: 'unknown'\nSystem info: host: 'IB-PUNE-LAP-356', ip: '172.25.208.1', os.name: 'Windows 10', os.arch: 'amd64', os.version: '10.0', java.version: '17.0.4.1'\nDriver info: org.openqa.selenium.chrome.ChromeDriver\nCapabilities [{networkConnectionEnabled=false, chrome={chromedriverVersion=114.0.5735.90 (386bc09e8f4f2e025eddae123f36f6263096ae49-refs/branch-heads/5735@{#1052}), userDataDir=C:\\Users\\PRUTHV~1\\AppData\\Local\\Temp\\scoped_dir10416_1663485778}, timeouts={implicit=0.0, pageLoad=300000.0, script=30000.0}, pageLoadStrategy=normal, unhandledPromptBehavior=dismiss and notify, strictFileInteractability=false, platform=ANY, proxy=Proxy(), webauthn:extension:minPinLength=true, goog:chromeOptions={debuggerAddress=localhost:51649}, webauthn:extension:credBlob=true, webauthn:extension:prf=true, acceptInsecureCerts=false, browserVersion=115.0.5790.102, browserName=chrome, javascriptEnabled=true, platformName=windows, setWindowRect=true, webauthn:extension:largeBlob=true, webauthn:virtualAuthenticators=true}]\nSession ID: 3e0ee180550647da309f470a8091a0db","trace":"org.openqa.selenium.WebDriverException: element click intercepted: Element <button class=\"slds-button slds-button_neutral\" aria-disabled=\"false\" name=\"FORWARD\" type=\"button\">...</button> is not clickable at point (1187, 279). Other element would receive the click: <lightning-spinner c-opportunityunitsearch_opportunityunitsearch=\"\" variant=\"brand\" size=\"large\" class=\"slds-spinner_container\"></lightning-spinner>\n  (Session info: chrome=115.0.5790.102)\nBuild info: version: '3.4.0', revision: 'unknown', time: 'unknown'\nSystem info: host: 'IB-PUNE-LAP-356', ip: '172.25.208.1', os.name: 'Windows 10', os.arch: 'amd64', os.version: '10.0', java.version: '17.0.4.1'\nDriver info: org.openqa.selenium.chrome.ChromeDriver\nCapabilities [{networkConnectionEnabled=false, chrome={chromedriverVersion=114.0.5735.90 (386bc09e8f4f2e025eddae123f36f6263096ae49-refs/branch-heads/5735@{#1052}), userDataDir=C:\\Users\\PRUTHV~1\\AppData\\Local\\Temp\\scoped_dir10416_1663485778}, timeouts={implicit=0.0, pageLoad=300000.0, script=30000.0}, pageLoadStrategy=normal, unhandledPromptBehavior=dismiss and notify, strictFileInteractability=false, platform=ANY, proxy=Proxy(), webauthn:extension:minPinLength=true, goog:chromeOptions={debuggerAddress=localhost:51649}, webauthn:extension:credBlob=true, webauthn:extension:prf=true, acceptInsecureCerts=false, browserVersion=115.0.5790.102, browserName=chrome, javascriptEnabled=true, platformName=windows, setWindowRect=true, webauthn:extension:largeBlob=true, webauthn:virtualAuthenticators=true}]\nSession ID: 3e0ee180550647da309f470a8091a0db\r\n\tat java.base/jdk.internal.reflect.NativeConstructorAccessorImpl.newInstance0(Native Method)\r\n\tat java.base/jdk.internal.reflect.NativeConstructorAccessorImpl.newInstance(NativeConstructorAccessorImpl.java:77)\r\n\tat java.base/jdk.internal.reflect.DelegatingConstructorAccessorImpl.newInstance(DelegatingConstructorAccessorImpl.java:45)\r\n\tat java.base/java.lang.reflect.Constructor.newInstanceWithCaller(Constructor.java:499)\r\n\tat java.base/java.lang.reflect.Constructor.newInstance(Constructor.java:480)\r\n\tat org.openqa.selenium.remote.http.W3CHttpResponseCodec.createException(W3CHttpResponseCodec.java:150)\r\n\tat org.openqa.selenium.remote.http.W3CHttpResponseCodec.decode(W3CHttpResponseCodec.java:115)\r\n\tat org.openqa.selenium.remote.http.W3CHttpResponseCodec.decode(W3CHttpResponseCodec.java:45)\r\n\tat org.openqa.selenium.remote.HttpCommandExecutor.execute(HttpCommandExecutor.java:164)\r\n\tat org.openqa.selenium.remote.service.DriverCommandExecutor.execute(DriverCommandExecutor.java:82)\r\n\tat org.openqa.selenium.remote.RemoteWebDriver.execute(RemoteWebDriver.java:637)\r\n\tat org.openqa.selenium.remote.RemoteWebElement.execute(RemoteWebElement.java:272)\r\n\tat org.openqa.selenium.remote.RemoteWebElement.click(RemoteWebElement.java:82)\r\n\tat jdk.internal.reflect.GeneratedMethodAccessor1.invoke(Unknown Source)\r\n\tat java.base/jdk.internal.reflect.DelegatingMethodAccessorImpl.invoke(DelegatingMethodAccessorImpl.java:43)\r\n\tat java.base/java.lang.reflect.Method.invoke(Method.java:568)\r\n\tat org.openqa.selenium.support.pagefactory.internal.LocatingElementHandler.invoke(LocatingElementHandler.java:51)\r\n\tat jdk.proxy2/jdk.proxy2.$Proxy15.click(Unknown Source)\r\n\tat Pom.Person.UnitSelectionForAccount.dropDownSelectionUnit(UnitSelectionForAccount.java:459)\r\n\tat Test.Person.SalesOrderGenrations.salesOrderUnitBookingTC006(SalesOrderGenrations.java:138)\r\n\tat java.base/jdk.internal.reflect.NativeMethodAccessorImpl.invoke0(Native Method)\r\n\tat java.base/jdk.internal.reflect.NativeMethodAccessorImpl.invoke(NativeMethodAccessorImpl.java:77)\r\n\tat java.base/jdk.internal.reflect.DelegatingMethodAccessorImpl.invoke(DelegatingMethodAccessorImpl.java:43)\r\n\tat java.base/java.lang.reflect.Method.invoke(Method.java:568)\r\n\tat org.testng.internal.MethodInvocationHelper.invokeMethod(MethodInvocationHelper.java:133)\r\n\tat org.testng.internal.TestInvoker.invokeMethod(TestInvoker.java:598)\r\n\tat org.testng.internal.TestInvoker.invokeTestMethod(TestInvoker.java:173)\r\n\tat org.testng.internal.MethodRunner.runInSequence(MethodRunner.java:46)\r\n\tat org.testng.internal.TestInvoker$MethodInvocationAgent.invoke(TestInvoker.java:824)\r\n\tat org.testng.internal.TestInvoker.invokeTestMethods(TestInvoker.java:146)\r\n\tat org.testng.internal.TestMethodWorker.invokeTestMethods(TestMethodWorker.java:146)\r\n\tat org.testng.internal.TestMethodWorker.run(TestMethodWorker.java:128)\r\n\tat java.base/java.util.ArrayList.forEach(ArrayList.java:1511)\r\n\tat org.testng.TestRunner.privateRun(TestRunner.java:794)\r\n\tat org.testng.TestRunner.run(TestRunner.java:596)\r\n\tat org.testng.SuiteRunner.runTest(SuiteRunner.java:377)\r\n\tat org.testng.SuiteRunner.runSequentially(SuiteRunner.java:371)\r\n\tat org.testng.SuiteRunner.privateRun(SuiteRunner.java:332)\r\n\tat org.testng.SuiteRunner.run(SuiteRunner.java:276)\r\n\tat org.testng.SuiteRunnerWorker.runSuite(SuiteRunnerWorker.java:53)\r\n\tat org.testng.SuiteRunnerWorker.run(SuiteRunnerWorker.java:96)\r\n\tat org.testng.TestNG.runSuitesSequentially(TestNG.java:1212)\r\n\tat org.testng.TestNG.runSuitesLocally(TestNG.java:1134)\r\n\tat org.testng.TestNG.runSuites(TestNG.java:1063)\r\n\tat org.testng.TestNG.run(TestNG.java:1031)\r\n\tat org.testng.remote.AbstractRemoteTestNG.run(AbstractRemoteTestNG.java:115)\r\n\tat org.testng.remote.RemoteTestNG.initAndRun(RemoteTestNG.java:251)\r\n\tat org.testng.remote.RemoteTestNG.main(RemoteTestNG.java:77)\r\n"},"stage":"finished","steps":[{"name":"User login sandbox with the correct credentials","status":"passed","stage":"finished","steps":[],"attachments":[],"parameters":[{"name":"usernameValue","value":"jayant.rajput@infobeans.com.regsb"},{"name":"passwordValue","value":"Sales@1234"}],"start":1690182722972,"stop":1690182723777},{"name":"global search for the lead name","status":"passed","stage":"finished","steps":[],"attachments":[],"parameters":[{"name":"value","value":"Autmation432 Automation Autmation97714"}],"start":1690182723777,"stop":1690182731955},{"name":"Click on the opporitesText and click on the link","status":"passed","stage":"finished","steps":[],"attachments":[],"parameters":[],"start":1690182731956,"stop":1690182736605},{"name":"Check the bookUnit button is clickble","status":"passed","stage":"finished","steps":[],"attachments":[],"parameters":[],"start":1690182736605,"stop":1690182742285},{"name":"Select the offer and Mortgage Applicable and click on the book unit","status":"broken","statusDetails":{"known":false,"muted":false,"flaky":false,"message":"element click intercepted: Element <button class=\"slds-button slds-button_neutral\" aria-disabled=\"false\" name=\"FORWARD\" type=\"button\">...</button> is not clickable at point (1187, 279). Other element would receive the click: <lightning-spinner c-opportunityunitsearch_opportunityunitsearch=\"\" variant=\"brand\" size=\"large\" class=\"slds-spinner_container\"></lightning-spinner>\n  (Session info: chrome=115.0.5790.102)\nBuild info: version: '3.4.0', revision: 'unknown', time: 'unknown'\nSystem info: host: 'IB-PUNE-LAP-356', ip: '172.25.208.1', os.name: 'Windows 10', os.arch: 'amd64', os.version: '10.0', java.version: '17.0.4.1'\nDriver info: org.openqa.selenium.chrome.ChromeDriver\nCapabilities [{networkConnectionEnabled=false, chrome={chromedriverVersion=114.0.5735.90 (386bc09e8f4f2e025eddae123f36f6263096ae49-refs/branch-heads/5735@{#1052}), userDataDir=C:\\Users\\PRUTHV~1\\AppData\\Local\\Temp\\scoped_dir10416_1663485778}, timeouts={implicit=0.0, pageLoad=300000.0, script=30000.0}, pageLoadStrategy=normal, unhandledPromptBehavior=dismiss and notify, strictFileInteractability=false, platform=ANY, proxy=Proxy(), webauthn:extension:minPinLength=true, goog:chromeOptions={debuggerAddress=localhost:51649}, webauthn:extension:credBlob=true, webauthn:extension:prf=true, acceptInsecureCerts=false, browserVersion=115.0.5790.102, browserName=chrome, javascriptEnabled=true, platformName=windows, setWindowRect=true, webauthn:extension:largeBlob=true, webauthn:virtualAuthenticators=true}]\nSession ID: 3e0ee180550647da309f470a8091a0db","trace":"org.openqa.selenium.WebDriverException: element click intercepted: Element <button class=\"slds-button slds-button_neutral\" aria-disabled=\"false\" name=\"FORWARD\" type=\"button\">...</button> is not clickable at point (1187, 279). Other element would receive the click: <lightning-spinner c-opportunityunitsearch_opportunityunitsearch=\"\" variant=\"brand\" size=\"large\" class=\"slds-spinner_container\"></lightning-spinner>\n  (Session info: chrome=115.0.5790.102)\nBuild info: version: '3.4.0', revision: 'unknown', time: 'unknown'\nSystem info: host: 'IB-PUNE-LAP-356', ip: '172.25.208.1', os.name: 'Windows 10', os.arch: 'amd64', os.version: '10.0', java.version: '17.0.4.1'\nDriver info: org.openqa.selenium.chrome.ChromeDriver\nCapabilities [{networkConnectionEnabled=false, chrome={chromedriverVersion=114.0.5735.90 (386bc09e8f4f2e025eddae123f36f6263096ae49-refs/branch-heads/5735@{#1052}), userDataDir=C:\\Users\\PRUTHV~1\\AppData\\Local\\Temp\\scoped_dir10416_1663485778}, timeouts={implicit=0.0, pageLoad=300000.0, script=30000.0}, pageLoadStrategy=normal, unhandledPromptBehavior=dismiss and notify, strictFileInteractability=false, platform=ANY, proxy=Proxy(), webauthn:extension:minPinLength=true, goog:chromeOptions={debuggerAddress=localhost:51649}, webauthn:extension:credBlob=true, webauthn:extension:prf=true, acceptInsecureCerts=false, browserVersion=115.0.5790.102, browserName=chrome, javascriptEnabled=true, platformName=windows, setWindowRect=true, webauthn:extension:largeBlob=true, webauthn:virtualAuthenticators=true}]\nSession ID: 3e0ee180550647da309f470a8091a0db\r\n\tat java.base/jdk.internal.reflect.NativeConstructorAccessorImpl.newInstance0(Native Method)\r\n\tat java.base/jdk.internal.reflect.NativeConstructorAccessorImpl.newInstance(NativeConstructorAccessorImpl.java:77)\r\n\tat java.base/jdk.internal.reflect.DelegatingConstructorAccessorImpl.newInstance(DelegatingConstructorAccessorImpl.java:45)\r\n\tat java.base/java.lang.reflect.Constructor.newInstanceWithCaller(Constructor.java:499)\r\n\tat java.base/java.lang.reflect.Constructor.newInstance(Constructor.java:480)\r\n\tat org.openqa.selenium.remote.http.W3CHttpResponseCodec.createException(W3CHttpResponseCodec.java:150)\r\n\tat org.openqa.selenium.remote.http.W3CHttpResponseCodec.decode(W3CHttpResponseCodec.java:115)\r\n\tat org.openqa.selenium.remote.http.W3CHttpResponseCodec.decode(W3CHttpResponseCodec.java:45)\r\n\tat org.openqa.selenium.remote.HttpCommandExecutor.execute(HttpCommandExecutor.java:164)\r\n\tat org.openqa.selenium.remote.service.DriverCommandExecutor.execute(DriverCommandExecutor.java:82)\r\n\tat org.openqa.selenium.remote.RemoteWebDriver.execute(RemoteWebDriver.java:637)\r\n\tat org.openqa.selenium.remote.RemoteWebElement.execute(RemoteWebElement.java:272)\r\n\tat org.openqa.selenium.remote.RemoteWebElement.click(RemoteWebElement.java:82)\r\n\tat jdk.internal.reflect.GeneratedMethodAccessor1.invoke(Unknown Source)\r\n\tat java.base/jdk.internal.reflect.DelegatingMethodAccessorImpl.invoke(DelegatingMethodAccessorImpl.java:43)\r\n\tat java.base/java.lang.reflect.Method.invoke(Method.java:568)\r\n\tat org.openqa.selenium.support.pagefactory.internal.LocatingElementHandler.invoke(LocatingElementHandler.java:51)\r\n\tat jdk.proxy2/jdk.proxy2.$Proxy15.click(Unknown Source)\r\n\tat Pom.Person.UnitSelectionForAccount.dropDownSelectionUnit(UnitSelectionForAccount.java:459)\r\n\tat Test.Person.SalesOrderGenrations.salesOrderUnitBookingTC006(SalesOrderGenrations.java:138)\r\n\tat java.base/jdk.internal.reflect.NativeMethodAccessorImpl.invoke0(Native Method)\r\n\tat java.base/jdk.internal.reflect.NativeMethodAccessorImpl.invoke(NativeMethodAccessorImpl.java:77)\r\n\tat java.base/jdk.internal.reflect.DelegatingMethodAccessorImpl.invoke(DelegatingMethodAccessorImpl.java:43)\r\n\tat java.base/java.lang.reflect.Method.invoke(Method.java:568)\r\n\tat org.testng.internal.MethodInvocationHelper.invokeMethod(MethodInvocationHelper.java:133)\r\n\tat org.testng.internal.TestInvoker.invokeMethod(TestInvoker.java:598)\r\n\tat org.testng.internal.TestInvoker.invokeTestMethod(TestInvoker.java:173)\r\n\tat org.testng.internal.MethodRunner.runInSequence(MethodRunner.java:46)\r\n\tat org.testng.internal.TestInvoker$MethodInvocationAgent.invoke(TestInvoker.java:824)\r\n\tat org.testng.internal.TestInvoker.invokeTestMethods(TestInvoker.java:146)\r\n\tat org.testng.internal.TestMethodWorker.invokeTestMethods(TestMethodWorker.java:146)\r\n\tat org.testng.internal.TestMethodWorker.run(TestMethodWorker.java:128)\r\n\tat java.base/java.util.ArrayList.forEach(ArrayList.java:1511)\r\n\tat org.testng.TestRunner.privateRun(TestRunner.java:794)\r\n\tat org.testng.TestRunner.run(TestRunner.java:596)\r\n\tat org.testng.SuiteRunner.runTest(SuiteRunner.java:377)\r\n\tat org.testng.SuiteRunner.runSequentially(SuiteRunner.java:371)\r\n\tat org.testng.SuiteRunner.privateRun(SuiteRunner.java:332)\r\n\tat org.testng.SuiteRunner.run(SuiteRunner.java:276)\r\n\tat org.testng.SuiteRunnerWorker.runSuite(SuiteRunnerWorker.java:53)\r\n\tat org.testng.SuiteRunnerWorker.run(SuiteRunnerWorker.java:96)\r\n\tat org.testng.TestNG.runSuitesSequentially(TestNG.java:1212)\r\n\tat org.testng.TestNG.runSuitesLocally(TestNG.java:1134)\r\n\tat org.testng.TestNG.runSuites(TestNG.java:1063)\r\n\tat org.testng.TestNG.run(TestNG.java:1031)\r\n\tat org.testng.remote.AbstractRemoteTestNG.run(AbstractRemoteTestNG.java:115)\r\n\tat org.testng.remote.RemoteTestNG.initAndRun(RemoteTestNG.java:251)\r\n\tat org.testng.remote.RemoteTestNG.main(RemoteTestNG.java:77)\r\n"},"stage":"finished","steps":[{"name":"Selection of the drop down from the Opportunities details","status":"passed","stage":"finished","steps":[],"attachments":[],"parameters":[{"name":"dropdownTypes","value":"Select Offer"},{"name":"dropDownValues","value":"1002"}],"start":1690182753352,"stop":1690182753668}],"attachments":[],"parameters":[],"start":1690182744832,"stop":1690182755877}],"attachments":[],"parameters":[],"start":1690182722972,"stop":1690182755883}