{"uuid":"eda982b6-c668-4281-8376-7d8593f0f3f2","historyId":"66b037cf19ea98a1427bf98ffc09c11d","fullName":"Test.Person.UnitSelection.T001","labels":[{"name":"package","value":"Test.Person.UnitSelection"},{"name":"testClass","value":"Test.Person.UnitSelection"},{"name":"testMethod","value":"T001"},{"name":"parentSuite","value":"Smoke Suite"},{"name":"suite","value":"Test"},{"name":"subSuite","value":"Test.Person.UnitSelection"},{"name":"host","value":"IB-Pune-LAP-356"},{"name":"thread","value":"69120@IB-Pune-LAP-356.main(1)"},{"name":"framework","value":"testng"},{"name":"language","value":"java"}],"links":[],"name":"Verify exclaimation mark near reserve unit button gets highlighted in \"unit search\" when mandatory fields are not filled.","status":"broken","statusDetails":{"known":false,"muted":false,"flaky":false,"message":"no such element: Unable to locate element: {\"method\":\"xpath\",\"selector\":\"//a[text()='Opportunities']\"}\n  (Session info: chrome=113.0.5672.127)\nFor documentation on this error, please visit: http://seleniumhq.org/exceptions/no_such_element.html\nBuild info: version: '3.4.0', revision: 'unknown', time: 'unknown'\nSystem info: host: 'IB-PUNE-LAP-356', ip: '172.29.80.1', os.name: 'Windows 10', os.arch: 'amd64', os.version: '10.0', java.version: '17.0.4.1'\nDriver info: org.openqa.selenium.chrome.ChromeDriver\nCapabilities [{networkConnectionEnabled=false, chrome={chromedriverVersion=113.0.5672.63 (0e1a4471d5ae5bf128b1bd8f4d627c8cbd55f70c-refs/branch-heads/5672@{#912}), userDataDir=C:\\Users\\PRUTHV~1\\AppData\\Local\\Temp\\scoped_dir73180_1496315023}, timeouts={implicit=0.0, pageLoad=300000.0, script=30000.0}, pageLoadStrategy=normal, unhandledPromptBehavior=dismiss and notify, strictFileInteractability=false, platform=ANY, proxy=Proxy(), webauthn:extension:minPinLength=true, goog:chromeOptions={debuggerAddress=localhost:63813}, webauthn:extension:credBlob=true, webauthn:extension:prf=true, acceptInsecureCerts=false, browserVersion=113.0.5672.127, browserName=chrome, javascriptEnabled=true, platformName=windows, setWindowRect=true, webauthn:extension:largeBlob=true, webauthn:virtualAuthenticators=true}]\nSession ID: 858c76b6da266f94f36de86a2cfcbecd\n*** Element info: {Using=xpath, value=//a[text()='Opportunities']}","trace":"org.openqa.selenium.NoSuchElementException: no such element: Unable to locate element: {\"method\":\"xpath\",\"selector\":\"//a[text()='Opportunities']\"}\n  (Session info: chrome=113.0.5672.127)\nFor documentation on this error, please visit: http://seleniumhq.org/exceptions/no_such_element.html\nBuild info: version: '3.4.0', revision: 'unknown', time: 'unknown'\nSystem info: host: 'IB-PUNE-LAP-356', ip: '172.29.80.1', os.name: 'Windows 10', os.arch: 'amd64', os.version: '10.0', java.version: '17.0.4.1'\nDriver info: org.openqa.selenium.chrome.ChromeDriver\nCapabilities [{networkConnectionEnabled=false, chrome={chromedriverVersion=113.0.5672.63 (0e1a4471d5ae5bf128b1bd8f4d627c8cbd55f70c-refs/branch-heads/5672@{#912}), userDataDir=C:\\Users\\PRUTHV~1\\AppData\\Local\\Temp\\scoped_dir73180_1496315023}, timeouts={implicit=0.0, pageLoad=300000.0, script=30000.0}, pageLoadStrategy=normal, unhandledPromptBehavior=dismiss and notify, strictFileInteractability=false, platform=ANY, proxy=Proxy(), webauthn:extension:minPinLength=true, goog:chromeOptions={debuggerAddress=localhost:63813}, webauthn:extension:credBlob=true, webauthn:extension:prf=true, acceptInsecureCerts=false, browserVersion=113.0.5672.127, browserName=chrome, javascriptEnabled=true, platformName=windows, setWindowRect=true, webauthn:extension:largeBlob=true, webauthn:virtualAuthenticators=true}]\nSession ID: 858c76b6da266f94f36de86a2cfcbecd\n*** Element info: {Using=xpath, value=//a[text()='Opportunities']}\r\n\tat java.base/jdk.internal.reflect.NativeConstructorAccessorImpl.newInstance0(Native Method)\r\n\tat java.base/jdk.internal.reflect.NativeConstructorAccessorImpl.newInstance(NativeConstructorAccessorImpl.java:77)\r\n\tat java.base/jdk.internal.reflect.DelegatingConstructorAccessorImpl.newInstance(DelegatingConstructorAccessorImpl.java:45)\r\n\tat java.base/java.lang.reflect.Constructor.newInstanceWithCaller(Constructor.java:499)\r\n\tat java.base/java.lang.reflect.Constructor.newInstance(Constructor.java:480)\r\n\tat org.openqa.selenium.remote.http.W3CHttpResponseCodec.createException(W3CHttpResponseCodec.java:150)\r\n\tat org.openqa.selenium.remote.http.W3CHttpResponseCodec.decode(W3CHttpResponseCodec.java:115)\r\n\tat org.openqa.selenium.remote.http.W3CHttpResponseCodec.decode(W3CHttpResponseCodec.java:45)\r\n\tat org.openqa.selenium.remote.HttpCommandExecutor.execute(HttpCommandExecutor.java:164)\r\n\tat org.openqa.selenium.remote.service.DriverCommandExecutor.execute(DriverCommandExecutor.java:82)\r\n\tat org.openqa.selenium.remote.RemoteWebDriver.execute(RemoteWebDriver.java:637)\r\n\tat org.openqa.selenium.remote.RemoteWebDriver.findElement(RemoteWebDriver.java:410)\r\n\tat org.openqa.selenium.remote.RemoteWebDriver.findElementByXPath(RemoteWebDriver.java:509)\r\n\tat org.openqa.selenium.By$ByXPath.findElement(By.java:361)\r\n\tat org.openqa.selenium.remote.RemoteWebDriver.findElement(RemoteWebDriver.java:402)\r\n\tat org.openqa.selenium.support.pagefactory.DefaultElementLocator.findElement(DefaultElementLocator.java:69)\r\n\tat org.openqa.selenium.support.pagefactory.internal.LocatingElementHandler.invoke(LocatingElementHandler.java:38)\r\n\tat jdk.proxy2/jdk.proxy2.$Proxy15.click(Unknown Source)\r\n\tat Pom.Person.UnitSelectionForAccount.opporitesCreations(UnitSelectionForAccount.java:225)\r\n\tat Test.Person.UnitSelection.T001(UnitSelection.java:46)\r\n\tat java.base/jdk.internal.reflect.NativeMethodAccessorImpl.invoke0(Native Method)\r\n\tat java.base/jdk.internal.reflect.NativeMethodAccessorImpl.invoke(NativeMethodAccessorImpl.java:77)\r\n\tat java.base/jdk.internal.reflect.DelegatingMethodAccessorImpl.invoke(DelegatingMethodAccessorImpl.java:43)\r\n\tat java.base/java.lang.reflect.Method.invoke(Method.java:568)\r\n\tat org.testng.internal.MethodInvocationHelper.invokeMethod(MethodInvocationHelper.java:133)\r\n\tat org.testng.internal.TestInvoker.invokeMethod(TestInvoker.java:598)\r\n\tat org.testng.internal.TestInvoker.invokeTestMethod(TestInvoker.java:173)\r\n\tat org.testng.internal.MethodRunner.runInSequence(MethodRunner.java:46)\r\n\tat org.testng.internal.TestInvoker$MethodInvocationAgent.invoke(TestInvoker.java:824)\r\n\tat org.testng.internal.TestInvoker.invokeTestMethods(TestInvoker.java:146)\r\n\tat org.testng.internal.TestMethodWorker.invokeTestMethods(TestMethodWorker.java:146)\r\n\tat org.testng.internal.TestMethodWorker.run(TestMethodWorker.java:128)\r\n\tat java.base/java.util.ArrayList.forEach(ArrayList.java:1511)\r\n\tat org.testng.TestRunner.privateRun(TestRunner.java:794)\r\n\tat org.testng.TestRunner.run(TestRunner.java:596)\r\n\tat org.testng.SuiteRunner.runTest(SuiteRunner.java:377)\r\n\tat org.testng.SuiteRunner.runSequentially(SuiteRunner.java:371)\r\n\tat org.testng.SuiteRunner.privateRun(SuiteRunner.java:332)\r\n\tat org.testng.SuiteRunner.run(SuiteRunner.java:276)\r\n\tat org.testng.SuiteRunnerWorker.runSuite(SuiteRunnerWorker.java:53)\r\n\tat org.testng.SuiteRunnerWorker.run(SuiteRunnerWorker.java:96)\r\n\tat org.testng.TestNG.runSuitesSequentially(TestNG.java:1212)\r\n\tat org.testng.TestNG.runSuitesLocally(TestNG.java:1134)\r\n\tat org.testng.TestNG.runSuites(TestNG.java:1063)\r\n\tat org.testng.TestNG.run(TestNG.java:1031)\r\n\tat org.testng.remote.AbstractRemoteTestNG.run(AbstractRemoteTestNG.java:115)\r\n\tat org.testng.remote.RemoteTestNG.initAndRun(RemoteTestNG.java:251)\r\n\tat org.testng.remote.RemoteTestNG.main(RemoteTestNG.java:77)\r\n"},"stage":"finished","steps":[{"name":"User login sandbox with the correct credentials","status":"passed","stage":"finished","steps":[],"attachments":[],"parameters":[{"name":"usernameValue","value":"jayant.rajput@infobeans.com.regsb"},{"name":"passwordValue","value":"Sales@1234"}],"start":1685635655833,"stop":1685635666021},{"name":"Fill the data in the lead page","status":"passed","stage":"finished","steps":[{"name":"Add the random name middle name and the last name","status":"passed","stage":"finished","steps":[],"attachments":[],"parameters":[{"name":"firstNameValue","value":"Autmation986"},{"name":"MiddleNameValue","value":"Automation"},{"name":"lastNameValue","value":"Autmation68516"}],"start":1685635666164,"stop":1685635680526},{"name":"Fill the data form dropdown to create lead","status":"passed","stage":"finished","steps":[],"attachments":[],"parameters":[{"name":"dropdownTypes","value":"Customer Type, --None--"},{"name":"dropdownValues","value":"New Customer"}],"start":1685635680526,"stop":1685635681650},{"name":"Fill the data form dropdown to create lead","status":"passed","stage":"finished","steps":[],"attachments":[],"parameters":[{"name":"dropdownTypes","value":"Sales Type, --None--"},{"name":"dropdownValues","value":"Institutional"}],"start":1685635682670,"stop":1685635685776},{"name":"Fill the data form dropdown to create lead","status":"passed","stage":"finished","steps":[],"attachments":[],"parameters":[{"name":"dropdownTypes","value":"Property Usage, --None--"},{"name":"dropdownValues","value":"Corporate"}],"start":1685635685926,"stop":1685635688300},{"name":"Fill the data form dropdown to create lead","status":"passed","stage":"finished","steps":[],"attachments":[],"parameters":[{"name":"dropdownTypes","value":"Project, --None--"},{"name":"dropdownValues","value":"Al Bandar Plaza"}],"start":1685635688510,"stop":1685635690576},{"name":"Fill the data form dropdown to create lead","status":"passed","stage":"finished","steps":[],"attachments":[],"parameters":[{"name":"dropdownTypes","value":"Sales Origin, --None--"},{"name":"dropdownValues","value":"Domestic"}],"start":1685635690689,"stop":1685635693358},{"name":"Fill the data form dropdown to create lead","status":"passed","stage":"finished","steps":[],"attachments":[],"parameters":[{"name":"dropdownTypes","value":"Method of Contact, --None--"},{"name":"dropdownValues","value":"Walk-In"}],"start":1685635693438,"stop":1685635696170},{"name":"Fill the data form dropdown to create lead","status":"passed","stage":"finished","steps":[],"attachments":[],"parameters":[{"name":"dropdownTypes","value":"Enquiry Category, --None--"},{"name":"dropdownValues","value":"Roadshow"}],"start":1685635696283,"stop":1685635699056},{"name":"Fill the data form dropdown to create lead","status":"passed","stage":"finished","steps":[],"attachments":[],"parameters":[{"name":"dropdownTypes","value":"Enquiry Trigger, --None--"},{"name":"dropdownValues","value":"International Events & Exhibitions"}],"start":1685635699448,"stop":1685635702384},{"name":"Click on save button","status":"passed","stage":"finished","steps":[],"attachments":[],"parameters":[],"start":1685635702384,"stop":1685635702706}],"attachments":[],"parameters":[{"name":"firstName","value":"Autmation986"},{"name":"middleName","value":"Automation"},{"name":"LastName","value":"Autmation68516"}],"start":1685635666164,"stop":1685635702706},{"name":"Get the unique id of the lead from the lead page","status":"passed","stage":"finished","steps":[],"attachments":[],"parameters":[],"start":1685635702707,"stop":1685635709401},{"name":"Validate the status of the lead after click on the lead that is inprocess or completed","status":"passed","stage":"finished","steps":[],"attachments":[],"parameters":[],"start":1685635709402,"stop":1685635711415},{"name":"logout from the account","status":"passed","stage":"finished","steps":[],"attachments":[],"parameters":[],"start":1685635712121,"stop":1685635714484},{"name":"User login sandbox with the correct credentials","status":"passed","stage":"finished","steps":[],"attachments":[],"parameters":[{"name":"usernameValue","value":"arbaaz.khan@infobeans.com.regsb"},{"name":"passwordValue","value":"Amk@0101.IT"}],"start":1685635714484,"stop":1685635716596},{"name":"Applied asserations After login Serach button is displayed","status":"passed","stage":"finished","steps":[],"attachments":[],"parameters":[],"start":1685635716597,"stop":1685635720661},{"name":"globally search for the lead and click on the lead","status":"passed","stage":"finished","steps":[],"attachments":[],"parameters":[{"name":"value","value":"L00414518"}],"start":1685635720665,"stop":1685635743435},{"name":"Set the random eamil id","status":"passed","stage":"finished","steps":[],"attachments":[],"parameters":[{"name":"emailID","value":"abdxqm@gmail.com"}],"start":1685635743435,"stop":1685635748493},{"name":"Wait unit the emailID Text is to be displyed","status":"passed","stage":"finished","steps":[],"attachments":[],"parameters":[],"start":1685635748493,"stop":1685635748626},{"name":"Set values in the dropdown without click on the save","status":"passed","stage":"finished","steps":[],"attachments":[],"parameters":[{"name":"dropdownTypes","value":"Mobile Country Code, --None--"},{"name":"dropdownValues","value":"United Arab Emirates(+971)"}],"start":1685635748627,"stop":1685635750085},{"name":"Set the random mobile number","status":"passed","stage":"finished","steps":[],"attachments":[],"parameters":[{"name":"mobileNumberValue","value":"8781758944"}],"start":1685635750085,"stop":1685635750495},{"name":"Click on save button","status":"passed","stage":"finished","steps":[],"attachments":[],"parameters":[],"start":1685635750495,"stop":1685635750828},{"name":"logout from the account","status":"passed","stage":"finished","steps":[],"attachments":[],"parameters":[],"start":1685635750828,"stop":1685635754896},{"name":"User login sandbox with the correct credentials","status":"passed","stage":"finished","steps":[],"attachments":[],"parameters":[{"name":"usernameValue","value":"jayant.rajput@infobeans.com.regsb"},{"name":"passwordValue","value":"Sales@1234"}],"start":1685635754976,"stop":1685635757093},{"name":"Applied asserations After login Serach button is displayed","status":"passed","stage":"finished","steps":[],"attachments":[],"parameters":[],"start":1685635757093,"stop":1685635760403},{"name":"global search for the lead after the sales login","status":"passed","stage":"finished","steps":[],"attachments":[],"parameters":[{"name":"value","value":"L00414518"}],"start":1685635760404,"stop":1685635767253},{"name":"Updated the qulified lead","status":"passed","stage":"finished","steps":[],"attachments":[],"parameters":[],"start":1685635767260,"stop":1685635773696},{"name":"fill the values of the dropdown after the qulified lead","status":"passed","stage":"finished","steps":[{"name":"Set values in the dropdown without click on the save","status":"passed","stage":"finished","steps":[],"attachments":[],"parameters":[{"name":"dropdownTypes","value":"Lead Status, In Progress Lead"},{"name":"dropdownValues","value":"Qualified Lead"}],"start":1685635773697,"stop":1685635774667},{"name":"Add data in the dropdown after clcik on save and sang suggestions","status":"passed","stage":"finished","steps":[],"attachments":[],"parameters":[{"name":"dropdownTypes","value":"Unit Type, --None--"},{"name":"dropdownValues","value":"Apartment"},{"name":"sangTypes","value":"Unit Type"}],"start":1685635774668,"stop":1685635777851},{"name":"Add data in the dropdown after clcik on save and sang suggestions","status":"passed","stage":"finished","steps":[],"attachments":[],"parameters":[{"name":"dropdownTypes","value":"Buy/Rent, --None--"},{"name":"dropdownValues","value":"Buy"},{"name":"sangTypes","value":"Buy/Rent"}],"start":1685635777852,"stop":1685635780078},{"name":"Add data in the dropdown after clcik on save and sang suggestions","status":"passed","stage":"finished","steps":[],"attachments":[],"parameters":[{"name":"dropdownTypes","value":"Lead Origin, --None--"},{"name":"dropdownValues","value":"United Arab Emirates"},{"name":"sangTypes","value":"Lead Origin"}],"start":1685635780078,"stop":1685635782506},{"name":"Add data in the dropdown after clcik on save and sang suggestions","status":"passed","stage":"finished","steps":[],"attachments":[],"parameters":[{"name":"dropdownTypes","value":"Customer Budget, --None--"},{"name":"dropdownValues","value":"0M-AED 25M"},{"name":"sangTypes","value":"Customer Budget"}],"start":1685635782506,"stop":1685635785296},{"name":"Add data in the dropdown after clcik on save and sang suggestions","status":"passed","stage":"finished","steps":[],"attachments":[],"parameters":[{"name":"dropdownTypes","value":"Number of Bedrooms, --None--"},{"name":"dropdownValues","value":"2BHK"},{"name":"sangTypes","value":"Number of Bedrooms"}],"start":1685635785296,"stop":1685635787889},{"name":"Add data in the dropdown after clcik on save and sang suggestions","status":"passed","stage":"finished","steps":[],"attachments":[],"parameters":[{"name":"dropdownTypes","value":"Resident Status, --None--"},{"name":"dropdownValues","value":"Resident"},{"name":"sangTypes","value":"Resident Status"}],"start":1685635787889,"stop":1685635789996},{"name":"Add data in the dropdown after clcik on save and sang suggestions","status":"passed","stage":"finished","steps":[],"attachments":[],"parameters":[{"name":"dropdownTypes","value":"Financing, --None--"},{"name":"dropdownValues","value":"Yes"},{"name":"sangTypes","value":"Financing"}],"start":1685635789996,"stop":1685635792336},{"name":"Add data in the dropdown after clcik on save and sang suggestions","status":"passed","stage":"finished","steps":[],"attachments":[],"parameters":[{"name":"dropdownTypes","value":"Purpose of Use, --None--"},{"name":"dropdownValues","value":"End User"},{"name":"sangTypes","value":"Purpose of Use"}],"start":1685635792336,"stop":1685635794514},{"name":"Add data in the dropdown after clcik on save and sang suggestions","status":"passed","stage":"finished","steps":[],"attachments":[],"parameters":[{"name":"dropdownTypes","value":"Property Readiness, --None--"},{"name":"dropdownValues","value":"0-12 months"},{"name":"sangTypes","value":"Property Readiness"}],"start":1685635794515,"stop":1685635796696},{"name":"Click on save button","status":"passed","stage":"finished","steps":[],"attachments":[],"parameters":[],"start":1685635796696,"stop":1685635796991}],"attachments":[],"parameters":[],"start":1685635773697,"stop":1685635796991},{"name":"Validate the lead status is able to show as 'converted lead'","status":"passed","stage":"finished","steps":[],"attachments":[],"parameters":[],"start":1685635796991,"stop":1685635804277},{"name":"global search for the lead name","status":"passed","stage":"finished","steps":[],"attachments":[],"parameters":[{"name":"value","value":"Autmation986 Automation Autmation68516"}],"start":1685635804277,"stop":1685635806038},{"name":"Click on the opporitesText and click on the link","status":"passed","stage":"finished","steps":[],"attachments":[],"parameters":[],"start":1685635839002,"stop":1685635844065},{"name":"After click on the accounts get the number of opportunity link with account","status":"broken","statusDetails":{"known":false,"muted":false,"flaky":false,"message":"no such element: Unable to locate element: {\"method\":\"xpath\",\"selector\":\"//a[text()='Opportunities']\"}\n  (Session info: chrome=113.0.5672.127)\nFor documentation on this error, please visit: http://seleniumhq.org/exceptions/no_such_element.html\nBuild info: version: '3.4.0', revision: 'unknown', time: 'unknown'\nSystem info: host: 'IB-PUNE-LAP-356', ip: '172.29.80.1', os.name: 'Windows 10', os.arch: 'amd64', os.version: '10.0', java.version: '17.0.4.1'\nDriver info: org.openqa.selenium.chrome.ChromeDriver\nCapabilities [{networkConnectionEnabled=false, chrome={chromedriverVersion=113.0.5672.63 (0e1a4471d5ae5bf128b1bd8f4d627c8cbd55f70c-refs/branch-heads/5672@{#912}), userDataDir=C:\\Users\\PRUTHV~1\\AppData\\Local\\Temp\\scoped_dir73180_1496315023}, timeouts={implicit=0.0, pageLoad=300000.0, script=30000.0}, pageLoadStrategy=normal, unhandledPromptBehavior=dismiss and notify, strictFileInteractability=false, platform=ANY, proxy=Proxy(), webauthn:extension:minPinLength=true, goog:chromeOptions={debuggerAddress=localhost:63813}, webauthn:extension:credBlob=true, webauthn:extension:prf=true, acceptInsecureCerts=false, browserVersion=113.0.5672.127, browserName=chrome, javascriptEnabled=true, platformName=windows, setWindowRect=true, webauthn:extension:largeBlob=true, webauthn:virtualAuthenticators=true}]\nSession ID: 858c76b6da266f94f36de86a2cfcbecd\n*** Element info: {Using=xpath, value=//a[text()='Opportunities']}","trace":"org.openqa.selenium.NoSuchElementException: no such element: Unable to locate element: {\"method\":\"xpath\",\"selector\":\"//a[text()='Opportunities']\"}\n  (Session info: chrome=113.0.5672.127)\nFor documentation on this error, please visit: http://seleniumhq.org/exceptions/no_such_element.html\nBuild info: version: '3.4.0', revision: 'unknown', time: 'unknown'\nSystem info: host: 'IB-PUNE-LAP-356', ip: '172.29.80.1', os.name: 'Windows 10', os.arch: 'amd64', os.version: '10.0', java.version: '17.0.4.1'\nDriver info: org.openqa.selenium.chrome.ChromeDriver\nCapabilities [{networkConnectionEnabled=false, chrome={chromedriverVersion=113.0.5672.63 (0e1a4471d5ae5bf128b1bd8f4d627c8cbd55f70c-refs/branch-heads/5672@{#912}), userDataDir=C:\\Users\\PRUTHV~1\\AppData\\Local\\Temp\\scoped_dir73180_1496315023}, timeouts={implicit=0.0, pageLoad=300000.0, script=30000.0}, pageLoadStrategy=normal, unhandledPromptBehavior=dismiss and notify, strictFileInteractability=false, platform=ANY, proxy=Proxy(), webauthn:extension:minPinLength=true, goog:chromeOptions={debuggerAddress=localhost:63813}, webauthn:extension:credBlob=true, webauthn:extension:prf=true, acceptInsecureCerts=false, browserVersion=113.0.5672.127, browserName=chrome, javascriptEnabled=true, platformName=windows, setWindowRect=true, webauthn:extension:largeBlob=true, webauthn:virtualAuthenticators=true}]\nSession ID: 858c76b6da266f94f36de86a2cfcbecd\n*** Element info: {Using=xpath, value=//a[text()='Opportunities']}\r\n\tat java.base/jdk.internal.reflect.NativeConstructorAccessorImpl.newInstance0(Native Method)\r\n\tat java.base/jdk.internal.reflect.NativeConstructorAccessorImpl.newInstance(NativeConstructorAccessorImpl.java:77)\r\n\tat java.base/jdk.internal.reflect.DelegatingConstructorAccessorImpl.newInstance(DelegatingConstructorAccessorImpl.java:45)\r\n\tat java.base/java.lang.reflect.Constructor.newInstanceWithCaller(Constructor.java:499)\r\n\tat java.base/java.lang.reflect.Constructor.newInstance(Constructor.java:480)\r\n\tat org.openqa.selenium.remote.http.W3CHttpResponseCodec.createException(W3CHttpResponseCodec.java:150)\r\n\tat org.openqa.selenium.remote.http.W3CHttpResponseCodec.decode(W3CHttpResponseCodec.java:115)\r\n\tat org.openqa.selenium.remote.http.W3CHttpResponseCodec.decode(W3CHttpResponseCodec.java:45)\r\n\tat org.openqa.selenium.remote.HttpCommandExecutor.execute(HttpCommandExecutor.java:164)\r\n\tat org.openqa.selenium.remote.service.DriverCommandExecutor.execute(DriverCommandExecutor.java:82)\r\n\tat org.openqa.selenium.remote.RemoteWebDriver.execute(RemoteWebDriver.java:637)\r\n\tat org.openqa.selenium.remote.RemoteWebDriver.findElement(RemoteWebDriver.java:410)\r\n\tat org.openqa.selenium.remote.RemoteWebDriver.findElementByXPath(RemoteWebDriver.java:509)\r\n\tat org.openqa.selenium.By$ByXPath.findElement(By.java:361)\r\n\tat org.openqa.selenium.remote.RemoteWebDriver.findElement(RemoteWebDriver.java:402)\r\n\tat org.openqa.selenium.support.pagefactory.DefaultElementLocator.findElement(DefaultElementLocator.java:69)\r\n\tat org.openqa.selenium.support.pagefactory.internal.LocatingElementHandler.invoke(LocatingElementHandler.java:38)\r\n\tat jdk.proxy2/jdk.proxy2.$Proxy15.click(Unknown Source)\r\n\tat Pom.Person.UnitSelectionForAccount.opporitesCreations(UnitSelectionForAccount.java:225)\r\n\tat Test.Person.UnitSelection.T001(UnitSelection.java:46)\r\n\tat java.base/jdk.internal.reflect.NativeMethodAccessorImpl.invoke0(Native Method)\r\n\tat java.base/jdk.internal.reflect.NativeMethodAccessorImpl.invoke(NativeMethodAccessorImpl.java:77)\r\n\tat java.base/jdk.internal.reflect.DelegatingMethodAccessorImpl.invoke(DelegatingMethodAccessorImpl.java:43)\r\n\tat java.base/java.lang.reflect.Method.invoke(Method.java:568)\r\n\tat org.testng.internal.MethodInvocationHelper.invokeMethod(MethodInvocationHelper.java:133)\r\n\tat org.testng.internal.TestInvoker.invokeMethod(TestInvoker.java:598)\r\n\tat org.testng.internal.TestInvoker.invokeTestMethod(TestInvoker.java:173)\r\n\tat org.testng.internal.MethodRunner.runInSequence(MethodRunner.java:46)\r\n\tat org.testng.internal.TestInvoker$MethodInvocationAgent.invoke(TestInvoker.java:824)\r\n\tat org.testng.internal.TestInvoker.invokeTestMethods(TestInvoker.java:146)\r\n\tat org.testng.internal.TestMethodWorker.invokeTestMethods(TestMethodWorker.java:146)\r\n\tat org.testng.internal.TestMethodWorker.run(TestMethodWorker.java:128)\r\n\tat java.base/java.util.ArrayList.forEach(ArrayList.java:1511)\r\n\tat org.testng.TestRunner.privateRun(TestRunner.java:794)\r\n\tat org.testng.TestRunner.run(TestRunner.java:596)\r\n\tat org.testng.SuiteRunner.runTest(SuiteRunner.java:377)\r\n\tat org.testng.SuiteRunner.runSequentially(SuiteRunner.java:371)\r\n\tat org.testng.SuiteRunner.privateRun(SuiteRunner.java:332)\r\n\tat org.testng.SuiteRunner.run(SuiteRunner.java:276)\r\n\tat org.testng.SuiteRunnerWorker.runSuite(SuiteRunnerWorker.java:53)\r\n\tat org.testng.SuiteRunnerWorker.run(SuiteRunnerWorker.java:96)\r\n\tat org.testng.TestNG.runSuitesSequentially(TestNG.java:1212)\r\n\tat org.testng.TestNG.runSuitesLocally(TestNG.java:1134)\r\n\tat org.testng.TestNG.runSuites(TestNG.java:1063)\r\n\tat org.testng.TestNG.run(TestNG.java:1031)\r\n\tat org.testng.remote.AbstractRemoteTestNG.run(AbstractRemoteTestNG.java:115)\r\n\tat org.testng.remote.RemoteTestNG.initAndRun(RemoteTestNG.java:251)\r\n\tat org.testng.remote.RemoteTestNG.main(RemoteTestNG.java:77)\r\n"},"stage":"finished","steps":[],"attachments":[],"parameters":[],"start":1685635844065,"stop":1685635864122}],"attachments":[],"parameters":[],"start":1685635653834,"stop":1685635864134}